Sun Mar  1 10:55:01 PM UTC 2026 — Watchdog OK: bot=true oc=true nd=true
Sun Mar  1 11:00:01 PM UTC 2026 — Watchdog OK: bot=true oc=true nd=true
Sun Mar  1 11:05:01 PM UTC 2026 — Watchdog OK: bot=true oc=true nd=true
Sun Mar  1 11:10:01 PM UTC 2026 — Watchdog OK: bot=true oc=true nd=true
Sun Mar  1 11:15:01 PM UTC 2026 — Watchdog OK: bot=true oc=true nd=true
Sun Mar  1 11:20:01 PM UTC 2026 — Watchdog OK: bot=true oc=true nd=true
Sun Mar  1 11:25:01 PM UTC 2026 — Watchdog OK: bot=true oc=true nd=true
Sun Mar  1 11:30:01 PM UTC 2026 — Watchdog OK: bot=true oc=true nd=true
Sun Mar  1 11:35:02 PM UTC 2026 — Watchdog OK: bot=true oc=true nd=true
Sun Mar  1 11:40:01 PM UTC 2026 — Watchdog OK: bot=true oc=true nd=true
Sun Mar  1 11:45:01 PM UTC 2026 — Watchdog OK: bot=true oc=true nd=true
Sun Mar  1 11:50:01 PM UTC 2026 — Watchdog OK: bot=true oc=true nd=true
Sun Mar  1 11:55:01 PM UTC 2026 — Watchdog OK: bot=true oc=true nd=true
Mon Mar  2 12:00:01 AM UTC 2026 — Watchdog OK: bot=true oc=true nd=true
Mon Mar  2 12:05:01 AM UTC 2026 — Watchdog OK: bot=true oc=true nd=true
Mon Mar  2 12:10:01 AM UTC 2026 — Watchdog OK: bot=true oc=true nd=true
Mon Mar  2 12:15:01 AM UTC 2026 — Watchdog OK: bot=true oc=true nd=true
Mon Mar  2 12:20:01 AM UTC 2026 — Watchdog OK: bot=true oc=true nd=true
Mon Mar  2 12:25:01 AM UTC 2026 — Watchdog OK: bot=true oc=true nd=true
Mon Mar  2 12:30:02 AM UTC 2026 — Watchdog OK: bot=true oc=true nd=true
Mon Mar  2 12:35:01 AM UTC 2026 — Watchdog OK: bot=true oc=true nd=true
Mon Mar  2 12:40:01 AM UTC 2026 — Watchdog OK: bot=true oc=true nd=true
Mon Mar  2 12:45:01 AM UTC 2026 — Watchdog OK: bot=true oc=true nd=true
Mon Mar  2 12:50:01 AM UTC 2026 — Watchdog OK: bot=true oc=true nd=true
Mon Mar  2 12:55:01 AM UTC 2026 — Watchdog OK: bot=true oc=true nd=true
Mon Mar  2 01:00:01 AM UTC 2026 — Watchdog OK: bot=true oc=true nd=true
Mon Mar  2 01:05:01 AM UTC 2026 — Watchdog OK: bot=true oc=true nd=true
Mon Mar  2 01:10:01 AM UTC 2026 — Watchdog OK: bot=true oc=true nd=true
Mon Mar  2 01:15:01 AM UTC 2026 — Watchdog OK: bot=true oc=true nd=true
Mon Mar  2 01:20:02 AM UTC 2026 — Watchdog OK: bot=true oc=true nd=true
Mon Mar  2 01:25:01 AM UTC 2026 — Watchdog OK: bot=true oc=true nd=true
Mon Mar  2 01:30:01 AM UTC 2026 — Watchdog OK: bot=true oc=true nd=true
Mon Mar  2 01:35:01 AM UTC 2026 — Watchdog OK: bot=true oc=true nd=true
Mon Mar  2 01:40:01 AM UTC 2026 — Watchdog OK: bot=true oc=true nd=true
Mon Mar  2 01:45:01 AM UTC 2026 — Watchdog OK: bot=true oc=true nd=true
Mon Mar  2 01:50:01 AM UTC 2026 — Watchdog OK: bot=true oc=true nd=true
Mon Mar  2 01:55:01 AM UTC 2026 — Watchdog OK: bot=true oc=true nd=true
Mon Mar  2 02:00:01 AM UTC 2026 — Watchdog OK: bot=true oc=true nd=true
Mon Mar  2 02:05:01 AM UTC 2026 — Watchdog OK: bot=true oc=true nd=true
Mon Mar  2 02:10:01 AM UTC 2026 — Watchdog OK: bot=true oc=true nd=true
Mon Mar  2 02:15:02 AM UTC 2026 — Watchdog OK: bot=true oc=true nd=true
Mon Mar  2 02:20:01 AM UTC 2026 — Watchdog OK: bot=true oc=true nd=true
Mon Mar  2 02:25:01 AM UTC 2026 — Watchdog OK: bot=true oc=true nd=true
Mon Mar  2 02:30:01 AM UTC 2026 — Watchdog OK: bot=true oc=true nd=true
Mon Mar  2 02:35:01 AM UTC 2026 — Watchdog OK: bot=true oc=true nd=true
Mon Mar  2 02:40:01 AM UTC 2026 — Watchdog OK: bot=true oc=true nd=true
Mon Mar  2 02:45:01 AM UTC 2026 — Watchdog OK: bot=true oc=true nd=true
Mon Mar  2 02:50:01 AM UTC 2026 — Watchdog OK: bot=true oc=true nd=true
Mon Mar  2 02:55:01 AM UTC 2026 — Watchdog OK: bot=true oc=true nd=true
Mon Mar  2 03:00:01 AM UTC 2026 — Watchdog OK: bot=true oc=true nd=true
Mon Mar  2 03:05:01 AM UTC 2026 — Watchdog OK: bot=true oc=true nd=true
Mon Mar  2 03:10:01 AM UTC 2026 — Watchdog OK: bot=true oc=true nd=true
Mon Mar  2 03:15:02 AM UTC 2026 — Watchdog OK: bot=true oc=true nd=true
Mon Mar  2 03:20:01 AM UTC 2026 — Watchdog OK: bot=true oc=true nd=true
Mon Mar  2 03:25:01 AM UTC 2026 — Watchdog OK: bot=true oc=true nd=true
Mon Mar  2 03:30:01 AM UTC 2026 — Watchdog OK: bot=true oc=true nd=true
Mon Mar  2 03:35:01 AM UTC 2026 — Watchdog OK: bot=true oc=true nd=true
Mon Mar  2 03:40:01 AM UTC 2026 — Watchdog OK: bot=true oc=true nd=true
Mon Mar  2 03:45:01 AM UTC 2026 — Watchdog OK: bot=true oc=true nd=true
Mon Mar  2 03:50:01 AM UTC 2026 — Watchdog OK: bot=true oc=true nd=true
Mon Mar  2 03:55:01 AM UTC 2026 — Watchdog OK: bot=true oc=true nd=true
Mon Mar  2 04:00:01 AM UTC 2026 — Watchdog OK: bot=true oc=true nd=true
Mon Mar  2 04:05:01 AM UTC 2026 — Watchdog OK: bot=true oc=true nd=true
Mon Mar  2 04:10:01 AM UTC 2026 — Watchdog OK: bot=true oc=true nd=true
Mon Mar  2 04:15:02 AM UTC 2026 — Watchdog OK: bot=true oc=true nd=true
Mon Mar  2 04:20:01 AM UTC 2026 — Watchdog OK: bot=true oc=true nd=true
Mon Mar  2 04:25:01 AM UTC 2026 — Watchdog OK: bot=true oc=true nd=true
Mon Mar  2 04:30:01 AM UTC 2026 — Watchdog OK: bot=true oc=true nd=true
Mon Mar  2 04:35:01 AM UTC 2026 — Watchdog OK: bot=true oc=true nd=true
Mon Mar  2 04:40:01 AM UTC 2026 — Watchdog OK: bot=true oc=true nd=true
Mon Mar  2 04:45:01 AM UTC 2026 — Watchdog OK: bot=true oc=true nd=true
Mon Mar  2 04:50:01 AM UTC 2026 — Watchdog OK: bot=true oc=true nd=true
Mon Mar  2 04:55:01 AM UTC 2026 — Watchdog OK: bot=true oc=true nd=true
Mon Mar  2 05:00:01 AM UTC 2026 — Watchdog OK: bot=true oc=true nd=true
Mon Mar  2 05:05:01 AM UTC 2026 — Watchdog OK: bot=true oc=true nd=true
Mon Mar  2 05:10:01 AM UTC 2026 — Watchdog OK: bot=true oc=true nd=true
Mon Mar  2 05:15:01 AM UTC 2026 — Watchdog OK: bot=true oc=true nd=true
Mon Mar  2 05:20:02 AM UTC 2026 — Watchdog OK: bot=true oc=true nd=true
Mon Mar  2 05:25:01 AM UTC 2026 — Watchdog OK: bot=true oc=true nd=true
Mon Mar  2 05:30:01 AM UTC 2026 — Watchdog OK: bot=true oc=true nd=true
Mon Mar  2 05:35:01 AM UTC 2026 — Watchdog OK: bot=true oc=true nd=true
Mon Mar  2 05:40:01 AM UTC 2026 — Watchdog OK: bot=true oc=true nd=true
Mon Mar  2 05:45:01 AM UTC 2026 — Watchdog OK: bot=true oc=true nd=true
Mon Mar  2 05:50:01 AM UTC 2026 — Watchdog OK: bot=true oc=true nd=true
Mon Mar  2 05:55:01 AM UTC 2026 — Watchdog OK: bot=true oc=true nd=true
Mon Mar  2 06:00:01 AM UTC 2026 — Watchdog OK: bot=true oc=true nd=true
Mon Mar  2 06:05:01 AM UTC 2026 — Watchdog OK: bot=true oc=true nd=true
Mon Mar  2 06:10:01 AM UTC 2026 — Watchdog OK: bot=true oc=true nd=true
Mon Mar  2 06:15:01 AM UTC 2026 — Watchdog OK: bot=true oc=true nd=true
Mon Mar  2 06:20:01 AM UTC 2026 — Watchdog OK: bot=true oc=true nd=true
Mon Mar  2 06:25:01 AM UTC 2026 — Watchdog OK: bot=true oc=true nd=true
Mon Mar  2 06:30:01 AM UTC 2026 — Watchdog OK: bot=true oc=true nd=true
Mon Mar  2 06:35:02 AM UTC 2026 — Watchdog OK: bot=true oc=true nd=true
Mon Mar  2 06:40:01 AM UTC 2026 — Watchdog OK: bot=true oc=true nd=true
Mon Mar  2 06:45:01 AM UTC 2026 — Watchdog OK: bot=true oc=true nd=true
Mon Mar  2 06:50:01 AM UTC 2026 — Watchdog OK: bot=true oc=true nd=true
Mon Mar  2 06:55:01 AM UTC 2026 — Watchdog OK: bot=true oc=true nd=true
Mon Mar  2 07:00:02 AM UTC 2026 — Watchdog OK: bot=true oc=true nd=true
Mon Mar  2 07:05:01 AM UTC 2026 — Watchdog OK: bot=true oc=true nd=true
Mon Mar  2 07:10:01 AM UTC 2026 — Watchdog OK: bot=true oc=true nd=true
Mon Mar  2 07:15:01 AM UTC 2026 — Watchdog OK: bot=true oc=true nd=true
Mon Mar  2 07:20:01 AM UTC 2026 — Watchdog OK: bot=true oc=true nd=true
Mon Mar  2 07:25:01 AM UTC 2026 — Watchdog OK: bot=true oc=true nd=true
Mon Mar  2 07:30:01 AM UTC 2026 — Watchdog OK: bot=true oc=true nd=true
Mon Mar  2 07:35:01 AM UTC 2026 — Watchdog OK: bot=true oc=true nd=true
Mon Mar  2 07:40:01 AM UTC 2026 — Watchdog OK: bot=true oc=true nd=true
Mon Mar  2 07:45:01 AM UTC 2026 — Watchdog OK: bot=true oc=true nd=true
Mon Mar  2 07:50:02 AM UTC 2026 — Watchdog OK: bot=true oc=true nd=true
Mon Mar  2 07:55:01 AM UTC 2026 — Watchdog OK: bot=true oc=true nd=true
Mon Mar  2 08:00:01 AM UTC 2026 — Watchdog OK: bot=true oc=true nd=true
Mon Mar  2 08:05:01 AM UTC 2026 — Watchdog OK: bot=true oc=true nd=true
Mon Mar  2 08:10:01 AM UTC 2026 — Watchdog OK: bot=true oc=true nd=true
Mon Mar  2 08:15:02 AM UTC 2026 — Watchdog OK: bot=true oc=true nd=true
Mon Mar  2 08:20:01 AM UTC 2026 — Watchdog OK: bot=true oc=true nd=true
Mon Mar  2 08:25:01 AM UTC 2026 — Watchdog OK: bot=true oc=true nd=true
Mon Mar  2 08:30:01 AM UTC 2026 — Watchdog OK: bot=true oc=true nd=true
Mon Mar  2 08:35:01 AM UTC 2026 — Watchdog OK: bot=true oc=true nd=true
Mon Mar  2 08:40:01 AM UTC 2026 — Watchdog OK: bot=true oc=true nd=true
Mon Mar  2 08:45:01 AM UTC 2026 — Watchdog OK: bot=true oc=true nd=true
Mon Mar  2 08:50:01 AM UTC 2026 — Watchdog OK: bot=true oc=true nd=true
Mon Mar  2 08:55:01 AM UTC 2026 — Watchdog OK: bot=true oc=true nd=true
Mon Mar  2 09:00:02 AM UTC 2026 — Watchdog OK: bot=true oc=true nd=true
Mon Mar  2 09:05:01 AM UTC 2026 — Watchdog OK: bot=true oc=true nd=true
Mon Mar  2 09:10:01 AM UTC 2026 — Watchdog OK: bot=true oc=true nd=true
Mon Mar  2 09:15:01 AM UTC 2026 — Watchdog OK: bot=true oc=true nd=true
Mon Mar  2 09:20:01 AM UTC 2026 — Watchdog OK: bot=true oc=true nd=true
Mon Mar  2 09:25:01 AM UTC 2026 — Watchdog OK: bot=true oc=true nd=true
Mon Mar  2 09:30:01 AM UTC 2026 — Watchdog OK: bot=true oc=true nd=true
Mon Mar  2 09:35:01 AM UTC 2026 — Watchdog OK: bot=true oc=true nd=true
Mon Mar  2 09:40:01 AM UTC 2026 — Watchdog OK: bot=true oc=true nd=true
Mon Mar  2 09:45:01 AM UTC 2026 — Watchdog OK: bot=true oc=true nd=true
Mon Mar  2 09:50:01 AM UTC 2026 — Watchdog OK: bot=true oc=true nd=true
Mon Mar  2 09:55:01 AM UTC 2026 — Watchdog OK: bot=true oc=true nd=true
Mon Mar  2 10:00:01 AM UTC 2026 — Watchdog OK: bot=true oc=true nd=true
Mon Mar  2 10:05:02 AM UTC 2026 — Watchdog OK: bot=true oc=true nd=true
Mon Mar  2 10:10:01 AM UTC 2026 — Watchdog OK: bot=true oc=true nd=true
Mon Mar  2 10:15:01 AM UTC 2026 — Watchdog OK: bot=true oc=true nd=true
Mon Mar  2 10:20:01 AM UTC 2026 — Watchdog OK: bot=true oc=true nd=true
Mon Mar  2 10:25:01 AM UTC 2026 — Watchdog OK: bot=true oc=true nd=true
Mon Mar  2 10:30:02 AM UTC 2026 — Watchdog OK: bot=true oc=true nd=true
Mon Mar  2 10:35:01 AM UTC 2026 — Watchdog OK: bot=true oc=true nd=true
Mon Mar  2 10:40:01 AM UTC 2026 — Watchdog OK: bot=true oc=true nd=true
Mon Mar  2 10:45:01 AM UTC 2026 — Watchdog OK: bot=true oc=true nd=true
Mon Mar  2 10:50:01 AM UTC 2026 — Watchdog OK: bot=true oc=true nd=true
Mon Mar  2 10:55:02 AM UTC 2026 — Watchdog OK: bot=true oc=true nd=true
Mon Mar  2 11:00:01 AM UTC 2026 — Watchdog OK: bot=true oc=true nd=true
Mon Mar  2 11:05:01 AM UTC 2026 — Watchdog OK: bot=true oc=true nd=true
Mon Mar  2 11:10:01 AM UTC 2026 — Watchdog OK: bot=true oc=true nd=true
Mon Mar  2 11:15:01 AM UTC 2026 — Watchdog OK: bot=true oc=true nd=true
Mon Mar  2 11:20:01 AM UTC 2026 — Watchdog OK: bot=true oc=true nd=true
Mon Mar  2 11:25:01 AM UTC 2026 — Watchdog OK: bot=true oc=true nd=true
Mon Mar  2 11:30:01 AM UTC 2026 — Watchdog OK: bot=true oc=true nd=true
Mon Mar  2 11:35:01 AM UTC 2026 — Watchdog OK: bot=true oc=true nd=true
Mon Mar  2 11:40:02 AM UTC 2026 — Watchdog OK: bot=true oc=true nd=true
Mon Mar  2 11:45:01 AM UTC 2026 — Watchdog OK: bot=true oc=true nd=true
Mon Mar  2 11:50:01 AM UTC 2026 — Watchdog OK: bot=true oc=true nd=true
Mon Mar  2 11:55:01 AM UTC 2026 — Watchdog OK: bot=true oc=true nd=true
Mon Mar  2 12:00:01 PM UTC 2026 — Watchdog OK: bot=true oc=true nd=true
Mon Mar  2 12:05:01 PM UTC 2026 — Watchdog OK: bot=true oc=true nd=true
Mon Mar  2 12:10:01 PM UTC 2026 — Watchdog OK: bot=true oc=true nd=true
Mon Mar  2 12:15:01 PM UTC 2026 — Watchdog OK: bot=true oc=true nd=true
Mon Mar  2 12:20:01 PM UTC 2026 — Watchdog OK: bot=true oc=true nd=true
Mon Mar  2 12:25:01 PM UTC 2026 — Watchdog OK: bot=true oc=true nd=true
Mon Mar  2 12:30:01 PM UTC 2026 — Watchdog OK: bot=true oc=true nd=true
Mon Mar  2 12:35:01 PM UTC 2026 — Watchdog OK: bot=true oc=true nd=true
Mon Mar  2 12:40:01 PM UTC 2026 — Watchdog OK: bot=true oc=true nd=true
Mon Mar  2 12:45:01 PM UTC 2026 — Watchdog OK: bot=true oc=true nd=true
Mon Mar  2 12:50:01 PM UTC 2026 — Watchdog OK: bot=true oc=true nd=true
Mon Mar  2 12:55:01 PM UTC 2026 — Watchdog OK: bot=true oc=true nd=true
Mon Mar  2 01:00:01 PM UTC 2026 — Watchdog OK: bot=true oc=true nd=true
Mon Mar  2 01:05:01 PM UTC 2026 — Watchdog OK: bot=true oc=true nd=true
Mon Mar  2 01:10:01 PM UTC 2026 — Watchdog OK: bot=true oc=true nd=true
Mon Mar  2 01:15:01 PM UTC 2026 — Watchdog OK: bot=true oc=true nd=true
Mon Mar  2 01:20:02 PM UTC 2026 — Watchdog OK: bot=true oc=true nd=true
Mon Mar  2 01:25:01 PM UTC 2026 — Watchdog OK: bot=true oc=true nd=true
Mon Mar  2 01:30:01 PM UTC 2026 — Watchdog OK: bot=true oc=true nd=true
Mon Mar  2 01:35:01 PM UTC 2026 — Watchdog OK: bot=true oc=true nd=true
Mon Mar  2 01:40:01 PM UTC 2026 — Watchdog OK: bot=true oc=true nd=true
Mon Mar  2 01:45:01 PM UTC 2026 — Watchdog OK: bot=true oc=true nd=true
Mon Mar  2 01:50:01 PM UTC 2026 — Watchdog OK: bot=true oc=true nd=true
Mon Mar  2 01:55:01 PM UTC 2026 — Watchdog OK: bot=true oc=true nd=true
Mon Mar  2 02:00:01 PM UTC 2026 — Watchdog OK: bot=true oc=true nd=true
Mon Mar  2 02:05:01 PM UTC 2026 — Watchdog OK: bot=true oc=true nd=true
Mon Mar  2 02:10:01 PM UTC 2026 — Watchdog OK: bot=true oc=true nd=true
Mon Mar  2 02:15:01 PM UTC 2026 — Watchdog OK: bot=true oc=true nd=true
Mon Mar  2 02:20:01 PM UTC 2026 — Watchdog OK: bot=true oc=true nd=true
Mon Mar  2 02:25:01 PM UTC 2026 — Watchdog OK: bot=true oc=true nd=true
Mon Mar  2 02:30:01 PM UTC 2026 — Watchdog OK: bot=true oc=true nd=true
Mon Mar  2 02:35:01 PM UTC 2026 — Watchdog OK: bot=true oc=true nd=true
Mon Mar  2 02:40:01 PM UTC 2026 — Watchdog OK: bot=true oc=true nd=true
Mon Mar  2 02:45:01 PM UTC 2026 — Watchdog OK: bot=true oc=true nd=true
Mon Mar  2 02:50:01 PM UTC 2026 — Watchdog OK: bot=true oc=true nd=true
Mon Mar  2 02:55:02 PM UTC 2026 — Watchdog OK: bot=true oc=true nd=true
Mon Mar  2 03:00:01 PM UTC 2026 — Watchdog OK: bot=true oc=true nd=true
Mon Mar  2 03:05:01 PM UTC 2026 — Watchdog OK: bot=true oc=true nd=true
Mon Mar  2 03:10:01 PM UTC 2026 — Watchdog OK: bot=true oc=true nd=true
Mon Mar  2 03:15:01 PM UTC 2026 — Watchdog OK: bot=true oc=true nd=true
Mon Mar  2 03:20:01 PM UTC 2026 — Watchdog OK: bot=true oc=true nd=true
Mon Mar  2 03:25:01 PM UTC 2026 — Watchdog OK: bot=true oc=true nd=true
Mon Mar  2 03:30:01 PM UTC 2026 — Watchdog OK: bot=true oc=true nd=true
Mon Mar  2 03:35:01 PM UTC 2026 — Watchdog OK: bot=true oc=true nd=true
Mon Mar  2 03:40:01 PM UTC 2026 — Watchdog OK: bot=true oc=true nd=true
Mon Mar  2 03:45:01 PM UTC 2026 — Watchdog OK: bot=true oc=true nd=true
Mon Mar  2 03:50:01 PM UTC 2026 — Watchdog OK: bot=true oc=true nd=true
Mon Mar  2 03:55:01 PM UTC 2026 — Watchdog OK: bot=true oc=true nd=true
Mon Mar  2 04:00:01 PM UTC 2026 — Watchdog OK: bot=true oc=true nd=true
Mon Mar  2 04:05:01 PM UTC 2026 — Watchdog OK: bot=true oc=true nd=true
Mon Mar  2 04:10:01 PM UTC 2026 — Watchdog OK: bot=true oc=true nd=true
Mon Mar  2 04:15:01 PM UTC 2026 — Watchdog OK: bot=true oc=true nd=true
Mon Mar  2 04:20:01 PM UTC 2026 — Watchdog OK: bot=true oc=true nd=true
Mon Mar  2 04:25:01 PM UTC 2026 — Watchdog OK: bot=true oc=true nd=true
Mon Mar  2 04:30:01 PM UTC 2026 — Bot is DOWN. Restarting...
 Network trading-bot_default Creating 
 Network trading-bot_default Created 
 Container traderjoes-bot Creating 
 Container traderjoes-bot Created 
 Container traderjoes-bot Starting 
 Container traderjoes-bot Started 
Mon Mar  2 04:30:19 PM UTC 2026 — OpenClaw is DOWN. Restarting...
no such service: traderjoes-openclaw
Mon Mar  2 04:30:19 PM UTC 2026 — Netdata is DOWN. Restarting...
no such service: traderjoes-netdata
Mon Mar  2 04:30:19 PM UTC 2026 — Watchdog OK: bot= oc= nd=
Mon Mar  2 04:35:01 PM UTC 2026 — Watchdog OK: bot=true oc=true nd=true
Mon Mar  2 04:40:01 PM UTC 2026 — Watchdog OK: bot=true oc=true nd=true
Mon Mar  2 04:45:01 PM UTC 2026 — Watchdog OK: bot=true oc=true nd=true
Mon Mar  2 04:50:01 PM UTC 2026 — Watchdog OK: bot=true oc=true nd=true
Mon Mar  2 04:55:01 PM UTC 2026 — Watchdog OK: bot=true oc=true nd=true
Mon Mar  2 05:00:01 PM UTC 2026 — Watchdog OK: bot=true oc=true nd=true
Mon Mar  2 05:05:01 PM UTC 2026 — Watchdog OK: bot=true oc=true nd=true
Mon Mar  2 05:10:01 PM UTC 2026 — Watchdog OK: bot=true oc=true nd=true
Mon Mar  2 05:15:01 PM UTC 2026 — Watchdog OK: bot=true oc=true nd=true
Mon Mar  2 05:20:01 PM UTC 2026 — Watchdog OK: bot=true oc=true nd=true
Mon Mar  2 05:25:01 PM UTC 2026 — Watchdog OK: bot=true oc=true nd=true
Mon Mar  2 05:30:01 PM UTC 2026 — Watchdog OK: bot=true oc=true nd=true
Mon Mar  2 05:35:01 PM UTC 2026 — Watchdog OK: bot=true oc=true nd=true
Mon Mar  2 05:40:01 PM UTC 2026 — Watchdog OK: bot=true oc=true nd=true
Mon Mar  2 05:45:01 PM UTC 2026 — Watchdog OK: bot=true oc=true nd=true
Mon Mar  2 05:50:01 PM UTC 2026 — Watchdog OK: bot=true oc=true nd=true
Mon Mar  2 05:55:01 PM UTC 2026 — Watchdog OK: bot=true oc=true nd=true
Mon Mar  2 06:00:01 PM UTC 2026 — Watchdog OK: bot=true oc=true nd=true
Mon Mar  2 06:05:02 PM UTC 2026 — Watchdog OK: bot=true oc=true nd=true
Mon Mar  2 06:10:01 PM UTC 2026 — Watchdog OK: bot=true oc=true nd=true
Mon Mar  2 06:15:01 PM UTC 2026 — Watchdog OK: bot=true oc=true nd=true
Mon Mar  2 06:20:01 PM UTC 2026 — Watchdog OK: bot=true oc=true nd=true
Mon Mar  2 06:25:01 PM UTC 2026 — Watchdog OK: bot=true oc=true nd=true
Mon Mar  2 06:30:01 PM UTC 2026 — Watchdog OK: bot=true oc=true nd=true
Mon Mar  2 06:35:01 PM UTC 2026 — Watchdog OK: bot=true oc=true nd=true
Mon Mar  2 06:40:01 PM UTC 2026 — Watchdog OK: bot=true oc=true nd=true
Mon Mar  2 06:45:01 PM UTC 2026 — Watchdog OK: bot=true oc=true nd=true
Mon Mar  2 06:50:01 PM UTC 2026 — Watchdog OK: bot=true oc=true nd=true
Mon Mar  2 06:55:01 PM UTC 2026 — Watchdog OK: bot=true oc=true nd=true
Mon Mar  2 07:00:01 PM UTC 2026 — Watchdog OK: bot=true oc=true nd=true
Mon Mar  2 07:05:01 PM UTC 2026 — Watchdog OK: bot=true oc=true nd=true
Mon Mar  2 07:10:01 PM UTC 2026 — Watchdog OK: bot=true oc=true nd=true
Mon Mar  2 07:15:02 PM UTC 2026 — Watchdog OK: bot=true oc=true nd=true
Mon Mar  2 07:20:01 PM UTC 2026 — Watchdog OK: bot=true oc=true nd=true
Mon Mar  2 07:25:01 PM UTC 2026 — Watchdog OK: bot=true oc=true nd=true
Mon Mar  2 07:30:01 PM UTC 2026 — Watchdog OK: bot=true oc=true nd=true
Mon Mar  2 07:35:02 PM UTC 2026 — Bot is DOWN. Restarting...
 Container traderjoes-bot Creating 
 Container traderjoes-bot Created 
 Container traderjoes-bot Starting 
 Container traderjoes-bot Started 
Mon Mar  2 07:35:17 PM UTC 2026 — Watchdog OK: bot= oc=true nd=true
Mon Mar  2 07:40:01 PM UTC 2026 — Watchdog OK: bot=true oc=true nd=true
Mon Mar  2 07:45:01 PM UTC 2026 — Watchdog OK: bot=true oc=true nd=true
Mon Mar  2 07:50:01 PM UTC 2026 — Bot is DOWN. Restarting...
 Network trading-bot_default Creating 
 Network trading-bot_default Created 
 Container traderjoes-bot Creating 
 Container traderjoes-bot Created 
 Container traderjoes-bot Starting 
 Container traderjoes-bot Started 
Mon Mar  2 07:50:20 PM UTC 2026 — Watchdog OK: bot= oc=true nd=true
